<?xml version="1.0" encoding="UTF-8"?>
<!-- Generated by org.testng.reporters.JUnitXMLReporter -->
<testsuite ignored="0" hostname="NIT-LPT-R316" failures="0" tests="3" name="Test" time="72.616" errors="0" timestamp="2021-07-31T15:27:26 IST">
  <testcase classname="com.qa.tests.HomeTest" name="VerifyTitle" time="24.685"/>
  <testcase classname="com.qa.tests.HomeTest" name="VerifyTitle" time="28.023"/>
  <testcase classname="com.qa.tests.HomeTest" name="VerifyTitle" time="3.864"/>
</testsuite> <!-- Test -->
