<?xml version="1.0" encoding="UTF-8"?>
<testng-results ignored="0" total="3" passed="3" failed="0" skipped="0">
  <reporter-output>
  </reporter-output>
  <suite started-at="2021-07-31T15:26:14 IST" name="Suite" finished-at="2021-07-31T15:27:26 IST" duration-ms="72616">
    <groups>
    </groups>
    <test started-at="2021-07-31T15:26:14 IST" name="Test" finished-at="2021-07-31T15:27:26 IST" duration-ms="72616">
      <class name="com.qa.tests.HomeTest">
        <test-method is-config="true" signature="setUp()[pri:0, instance:com.qa.tests.HomeTest@1bb5a082]" started-at="2021-07-31T15:26:14 IST" name="setUp" finished-at="2021-07-31T15:26:30 IST" duration-ms="15946" status="PASS">
          <reporter-output>
          </reporter-output>
        </test-method> <!-- setUp -->
        <test-method signature="VerifyTitle(java.lang.String,java.lang.String)[pri:0, instance:com.qa.tests.HomeTest@1bb5a082]" started-at="2021-07-31T15:26:30 IST" name="VerifyTitle" data-provider="getDataFromDataProvider" finished-at="2021-07-31T15:26:54 IST" duration-ms="24685" status="PASS">
          <params>
            <param index="0">
              <value>
                <![CDATA[sagar]]>
              </value>
            </param>
            <param index="1">
              <value>
                <![CDATA[Canada]]>
              </value>
            </param>
          </params>
          <reporter-output>
          </reporter-output>
        </test-method> <!-- VerifyTitle -->
        <test-method signature="VerifyTitle(java.lang.String,java.lang.String)[pri:0, instance:com.qa.tests.HomeTest@1bb5a082]" started-at="2021-07-31T15:26:54 IST" name="VerifyTitle" data-provider="getDataFromDataProvider" finished-at="2021-07-31T15:27:22 IST" duration-ms="28023" status="PASS">
          <params>
            <param index="0">
              <value>
                <![CDATA[rahul]]>
              </value>
            </param>
            <param index="1">
              <value>
                <![CDATA[Bhutan]]>
              </value>
            </param>
          </params>
          <reporter-output>
          </reporter-output>
        </test-method> <!-- VerifyTitle -->
        <test-method signature="VerifyTitle(java.lang.String,java.lang.String)[pri:0, instance:com.qa.tests.HomeTest@1bb5a082]" started-at="2021-07-31T15:27:22 IST" name="VerifyTitle" data-provider="getDataFromDataProvider" finished-at="2021-07-31T15:27:26 IST" duration-ms="3864" status="PASS">
          <params>
            <param index="0">
              <value>
                <![CDATA[Sachin]]>
              </value>
            </param>
            <param index="1">
              <value>
                <![CDATA[Brazil]]>
              </value>
            </param>
          </params>
          <reporter-output>
          </reporter-output>
        </test-method> <!-- VerifyTitle -->
      </class> <!-- com.qa.tests.HomeTest -->
    </test> <!-- Test -->
  </suite> <!-- Suite -->
</testng-results>
